{"C:\\Users\\Adilson Rabelo Jr\\Downloads\\Midia\\Guto\\chess-gdd-3d\\src\\data\\openings.ts": {"path":"C:\\Users\\Adilson Rabelo Jr\\Downloads\\Midia\\Guto\\chess-gdd-3d\\src\\data\\openings.ts","statementMap":{"0":{"start":{"line":22,"column":78},"end":{"line":31,"column":null}},"1":{"start":{"line":38,"column":39},"end":{"line":1083,"column":null}},"2":{"start":{"line":1088,"column":30},"end":{"line":1088,"column":null}},"3":{"start":{"line":1093,"column":62},"end":{"line":1100,"column":null}},"4":{"start":{"line":1094,"column":17},"end":{"line":1094,"column":null}},"5":{"start":{"line":1095,"column":2},"end":{"line":1097,"column":null}},"6":{"start":{"line":1096,"column":4},"end":{"line":1096,"column":null}},"7":{"start":{"line":1098,"column":2},"end":{"line":1098,"column":null}},"8":{"start":{"line":1099,"column":2},"end":{"line":1099,"column":null}},"9":{"start":{"line":1105,"column":67},"end":{"line":1111,"column":null}},"10":{"start":{"line":1106,"column":2},"end":{"line":1108,"column":null}},"11":{"start":{"line":1107,"column":4},"end":{"line":1107,"column":null}},"12":{"start":{"line":1109,"column":2},"end":{"line":1109,"column":null}},"13":{"start":{"line":1110,"column":2},"end":{"line":1110,"column":null}},"14":{"start":{"line":1117,"column":19},"end":{"line":1117,"column":null}},"15":{"start":{"line":1118,"column":2},"end":{"line":1118,"column":null}},"16":{"start":{"line":1118,"column":30},"end":{"line":1118,"column":75}},"17":{"start":{"line":1118,"column":52},"end":{"line":1118,"column":74}}},"fnMap":{"0":{"name":"(anonymous_0)","decl":{"start":{"line":1093,"column":78},"end":{"line":1093,"column":79}},"loc":{"start":{"line":1093,"column":96},"end":{"line":1100,"column":3}},"line":1093},"1":{"name":"(anonymous_1)","decl":{"start":{"line":1105,"column":83},"end":{"line":1105,"column":84}},"loc":{"start":{"line":1105,"column":101},"end":{"line":1111,"column":3}},"line":1105},"2":{"name":"getOpeningsByPersonality","decl":{"start":{"line":1116,"column":16},"end":{"line":1116,"column":41}},"loc":{"start":{"line":1116,"column":121},"end":{"line":1119,"column":null}},"line":1116},"3":{"name":"(anonymous_3)","decl":{"start":{"line":1118,"column":25},"end":{"line":1118,"column":30}},"loc":{"start":{"line":1118,"column":30},"end":{"line":1118,"column":75}},"line":1118},"4":{"name":"(anonymous_4)","decl":{"start":{"line":1118,"column":44},"end":{"line":1118,"column":52}},"loc":{"start":{"line":1118,"column":52},"end":{"line":1118,"column":74}},"line":1118}},"branchMap":{"0":{"loc":{"start":{"line":1095,"column":2},"end":{"line":1097,"column":null}},"type":"if","locations":[{"start":{"line":1095,"column":2},"end":{"line":1097,"column":null}},{"start":{},"end":{}}],"line":1095},"1":{"loc":{"start":{"line":1106,"column":2},"end":{"line":1108,"column":null}},"type":"if","locations":[{"start":{"line":1106,"column":2},"end":{"line":1108,"column":null}},{"start":{},"end":{}}],"line":1106}},"s":{"0":1,"1":1,"2":1,"3":1,"4":143,"5":143,"6":38,"7":143,"8":143,"9":1,"10":143,"11":4,"12":143,"13":143,"14":1,"15":1,"16":143,"17":1251},"f":{"0":143,"1":143,"2":1,"3":143,"4":1251},"b":{"0":[38,105],"1":[4,139]},"meta":{"lastBranch":2,"lastFunction":5,"lastStatement":18,"seen":{"s:22:78:31:Infinity":0,"s:38:39:1083:Infinity":1,"s:1088:30:1088:Infinity":2,"s:1093:62:1100:Infinity":3,"f:1093:78:1093:79":0,"s:1094:17:1094:Infinity":4,"b:1095:2:1097:Infinity:undefined:undefined:undefined:undefined":0,"s:1095:2:1097:Infinity":5,"s:1096:4:1096:Infinity":6,"s:1098:2:1098:Infinity":7,"s:1099:2:1099:Infinity":8,"s:1105:67:1111:Infinity":9,"f:1105:83:1105:84":1,"b:1106:2:1108:Infinity:undefined:undefined:undefined:undefined":1,"s:1106:2:1108:Infinity":10,"s:1107:4:1107:Infinity":11,"s:1109:2:1109:Infinity":12,"s:1110:2:1110:Infinity":13,"f:1116:16:1116:41":2,"s:1117:19:1117:Infinity":14,"s:1118:2:1118:Infinity":15,"f:1118:25:1118:30":3,"s:1118:30:1118:75":16,"f:1118:44:1118:52":4,"s:1118:52:1118:74":17}}}
,"C:\\Users\\Adilson Rabelo Jr\\Downloads\\Midia\\Guto\\chess-gdd-3d\\src\\engine\\emotionalState.ts": {"path":"C:\\Users\\Adilson Rabelo Jr\\Downloads\\Midia\\Guto\\chess-gdd-3d\\src\\engine\\emotionalState.ts","statementMap":{"0":{"start":{"line":23,"column":45},"end":{"line":29,"column":null}},"1":{"start":{"line":34,"column":74},"end":{"line":40,"column":null}},"2":{"start":{"line":45,"column":70},"end":{"line":51,"column":null}},"3":{"start":{"line":56,"column":77},"end":{"line":190,"column":null}},"4":{"start":{"line":197,"column":41},"end":{"line":197,"column":null}},"5":{"start":{"line":199,"column":55},"end":{"line":199,"column":null}},"6":{"start":{"line":205,"column":39},"end":{"line":205,"column":null}},"7":{"start":{"line":208,"column":4},"end":{"line":208,"column":null}},"8":{"start":{"line":209,"column":4},"end":{"line":209,"column":null}},"9":{"start":{"line":216,"column":27},"end":{"line":216,"column":null}},"10":{"start":{"line":223,"column":21},"end":{"line":223,"column":null}},"11":{"start":{"line":224,"column":4},"end":{"line":228,"column":null}},"12":{"start":{"line":225,"column":6},"end":{"line":225,"column":null}},"13":{"start":{"line":226,"column":4},"end":{"line":228,"column":null}},"14":{"start":{"line":227,"column":6},"end":{"line":227,"column":null}},"15":{"start":{"line":238,"column":4},"end":{"line":244,"column":null}},"16":{"start":{"line":252,"column":20},"end":{"line":252,"column":null}},"17":{"start":{"line":253,"column":58},"end":{"line":253,"column":null}},"18":{"start":{"line":257,"column":4},"end":{"line":261,"column":null}},"19":{"start":{"line":258,"column":6},"end":{"line":258,"column":null}},"20":{"start":{"line":259,"column":4},"end":{"line":261,"column":null}},"21":{"start":{"line":260,"column":6},"end":{"line":260,"column":null}},"22":{"start":{"line":265,"column":28},"end":{"line":265,"column":null}},"23":{"start":{"line":269,"column":29},"end":{"line":269,"column":null}},"24":{"start":{"line":271,"column":44},"end":{"line":276,"column":null}},"25":{"start":{"line":278,"column":4},"end":{"line":278,"column":null}},"26":{"start":{"line":279,"column":4},"end":{"line":279,"column":null}},"27":{"start":{"line":287,"column":21},"end":{"line":287,"column":null}},"28":{"start":{"line":290,"column":4},"end":{"line":292,"column":null}},"29":{"start":{"line":291,"column":6},"end":{"line":291,"column":null}},"30":{"start":{"line":294,"column":4},"end":{"line":294,"column":null}},"31":{"start":{"line":301,"column":4},"end":{"line":301,"column":null}},"32":{"start":{"line":301,"column":48},"end":{"line":301,"column":null}},"33":{"start":{"line":302,"column":4},"end":{"line":302,"column":null}},"34":{"start":{"line":302,"column":48},"end":{"line":302,"column":null}},"35":{"start":{"line":303,"column":4},"end":{"line":303,"column":null}},"36":{"start":{"line":303,"column":46},"end":{"line":303,"column":null}},"37":{"start":{"line":304,"column":4},"end":{"line":304,"column":null}},"38":{"start":{"line":304,"column":49},"end":{"line":304,"column":null}},"39":{"start":{"line":307,"column":4},"end":{"line":307,"column":null}},"40":{"start":{"line":314,"column":4},"end":{"line":314,"column":null}},"41":{"start":{"line":314,"column":40},"end":{"line":314,"column":null}},"42":{"start":{"line":317,"column":4},"end":{"line":317,"column":null}},"43":{"start":{"line":317,"column":62},"end":{"line":317,"column":null}},"44":{"start":{"line":321,"column":4},"end":{"line":321,"column":null}},"45":{"start":{"line":328,"column":21},"end":{"line":328,"column":null}},"46":{"start":{"line":329,"column":4},"end":{"line":329,"column":null}},"47":{"start":{"line":331,"column":4},"end":{"line":336,"column":null}},"48":{"start":{"line":343,"column":23},"end":{"line":343,"column":null}},"49":{"start":{"line":344,"column":26},"end":{"line":344,"column":null}},"50":{"start":{"line":347,"column":30},"end":{"line":347,"column":null}},"51":{"start":{"line":350,"column":30},"end":{"line":350,"column":null}},"52":{"start":{"line":352,"column":4},"end":{"line":352,"column":null}},"53":{"start":{"line":359,"column":23},"end":{"line":359,"column":null}},"54":{"start":{"line":360,"column":27},"end":{"line":360,"column":null}},"55":{"start":{"line":363,"column":30},"end":{"line":363,"column":null}},"56":{"start":{"line":364,"column":31},"end":{"line":364,"column":null}},"57":{"start":{"line":366,"column":4},"end":{"line":366,"column":null}},"58":{"start":{"line":373,"column":28},"end":{"line":373,"column":null}},"59":{"start":{"line":374,"column":21},"end":{"line":375,"column":null}},"60":{"start":{"line":377,"column":4},"end":{"line":377,"column":null}},"61":{"start":{"line":377,"column":44},"end":{"line":377,"column":null}},"62":{"start":{"line":380,"column":4},"end":{"line":380,"column":null}},"63":{"start":{"line":387,"column":27},"end":{"line":387,"column":null}},"64":{"start":{"line":388,"column":22},"end":{"line":388,"column":null}},"65":{"start":{"line":390,"column":4},"end":{"line":390,"column":null}},"66":{"start":{"line":390,"column":30},"end":{"line":390,"column":null}},"67":{"start":{"line":391,"column":4},"end":{"line":391,"column":null}},"68":{"start":{"line":391,"column":30},"end":{"line":391,"column":null}},"69":{"start":{"line":392,"column":4},"end":{"line":392,"column":null}},"70":{"start":{"line":392,"column":25},"end":{"line":392,"column":null}},"71":{"start":{"line":393,"column":4},"end":{"line":393,"column":null}},"72":{"start":{"line":400,"column":4},"end":{"line":400,"column":null}},"73":{"start":{"line":407,"column":4},"end":{"line":407,"column":null}},"74":{"start":{"line":414,"column":4},"end":{"line":414,"column":null}},"75":{"start":{"line":421,"column":4},"end":{"line":426,"column":null}},"76":{"start":{"line":433,"column":4},"end":{"line":433,"column":null}},"77":{"start":{"line":434,"column":4},"end":{"line":434,"column":null}}},"fnMap":{"0":{"name":"(anonymous_0)","decl":{"start":{"line":207,"column":2},"end":{"line":207,"column":14}},"loc":{"start":{"line":207,"column":42},"end":{"line":210,"column":null}},"line":207},"1":{"name":"(anonymous_1)","decl":{"start":{"line":215,"column":10},"end":{"line":215,"column":30}},"loc":{"start":{"line":215,"column":79},"end":{"line":245,"column":null}},"line":215},"2":{"name":"(anonymous_2)","decl":{"start":{"line":250,"column":2},"end":{"line":250,"column":18}},"loc":{"start":{"line":250,"column":83},"end":{"line":280,"column":null}},"line":250},"3":{"name":"(anonymous_3)","decl":{"start":{"line":286,"column":10},"end":{"line":286,"column":25}},"loc":{"start":{"line":286,"column":67},"end":{"line":295,"column":null}},"line":286},"4":{"name":"(anonymous_4)","decl":{"start":{"line":300,"column":10},"end":{"line":300,"column":39}},"loc":{"start":{"line":300,"column":75},"end":{"line":308,"column":null}},"line":300},"5":{"name":"(anonymous_5)","decl":{"start":{"line":313,"column":10},"end":{"line":313,"column":32}},"loc":{"start":{"line":313,"column":67},"end":{"line":322,"column":null}},"line":313},"6":{"name":"(anonymous_6)","decl":{"start":{"line":327,"column":2},"end":{"line":327,"column":23}},"loc":{"start":{"line":327,"column":74},"end":{"line":337,"column":null}},"line":327},"7":{"name":"(anonymous_7)","decl":{"start":{"line":342,"column":2},"end":{"line":342,"column":29}},"loc":{"start":{"line":342,"column":29},"end":{"line":353,"column":null}},"line":342},"8":{"name":"(anonymous_8)","decl":{"start":{"line":358,"column":2},"end":{"line":358,"column":31}},"loc":{"start":{"line":358,"column":31},"end":{"line":367,"column":null}},"line":358},"9":{"name":"(anonymous_9)","decl":{"start":{"line":372,"column":2},"end":{"line":372,"column":44}},"loc":{"start":{"line":372,"column":44},"end":{"line":381,"column":null}},"line":372},"10":{"name":"(anonymous_10)","decl":{"start":{"line":386,"column":10},"end":{"line":386,"column":39}},"loc":{"start":{"line":386,"column":39},"end":{"line":394,"column":null}},"line":386},"11":{"name":"(anonymous_11)","decl":{"start":{"line":399,"column":2},"end":{"line":399,"column":36}},"loc":{"start":{"line":399,"column":36},"end":{"line":401,"column":null}},"line":399},"12":{"name":"(anonymous_12)","decl":{"start":{"line":406,"column":2},"end":{"line":406,"column":50}},"loc":{"start":{"line":406,"column":50},"end":{"line":408,"column":null}},"line":406},"13":{"name":"(anonymous_13)","decl":{"start":{"line":413,"column":2},"end":{"line":413,"column":39}},"loc":{"start":{"line":413,"column":39},"end":{"line":415,"column":null}},"line":413},"14":{"name":"(anonymous_14)","decl":{"start":{"line":420,"column":2},"end":{"line":420,"column":40}},"loc":{"start":{"line":420,"column":40},"end":{"line":427,"column":null}},"line":420},"15":{"name":"(anonymous_15)","decl":{"start":{"line":432,"column":2},"end":{"line":432,"column":16}},"loc":{"start":{"line":432,"column":16},"end":{"line":435,"column":null}},"line":432}},"branchMap":{"0":{"loc":{"start":{"line":224,"column":4},"end":{"line":228,"column":null}},"type":"if","locations":[{"start":{"line":224,"column":4},"end":{"line":228,"column":null}},{"start":{"line":226,"column":4},"end":{"line":228,"column":null}}],"line":224},"1":{"loc":{"start":{"line":226,"column":4},"end":{"line":228,"column":null}},"type":"if","locations":[{"start":{"line":226,"column":4},"end":{"line":228,"column":null}},{"start":{},"end":{}}],"line":226},"2":{"loc":{"start":{"line":257,"column":4},"end":{"line":261,"column":null}},"type":"if","locations":[{"start":{"line":257,"column":4},"end":{"line":261,"column":null}},{"start":{"line":259,"column":4},"end":{"line":261,"column":null}}],"line":257},"3":{"loc":{"start":{"line":259,"column":4},"end":{"line":261,"column":null}},"type":"if","locations":[{"start":{"line":259,"column":4},"end":{"line":261,"column":null}},{"start":{},"end":{}}],"line":259},"4":{"loc":{"start":{"line":272,"column":21},"end":{"line":272,"column":null}},"type":"binary-expr","locations":[{"start":{"line":272,"column":21},"end":{"line":272,"column":38}},{"start":{"line":272,"column":38},"end":{"line":272,"column":null}}],"line":272},"5":{"loc":{"start":{"line":290,"column":4},"end":{"line":292,"column":null}},"type":"if","locations":[{"start":{"line":290,"column":4},"end":{"line":292,"column":null}},{"start":{},"end":{}}],"line":290},"6":{"loc":{"start":{"line":301,"column":4},"end":{"line":301,"column":null}},"type":"if","locations":[{"start":{"line":301,"column":4},"end":{"line":301,"column":null}},{"start":{},"end":{}}],"line":301},"7":{"loc":{"start":{"line":302,"column":4},"end":{"line":302,"column":null}},"type":"if","locations":[{"start":{"line":302,"column":4},"end":{"line":302,"column":null}},{"start":{},"end":{}}],"line":302},"8":{"loc":{"start":{"line":303,"column":4},"end":{"line":303,"column":null}},"type":"if","locations":[{"start":{"line":303,"column":4},"end":{"line":303,"column":null}},{"start":{},"end":{}}],"line":303},"9":{"loc":{"start":{"line":304,"column":4},"end":{"line":304,"column":null}},"type":"if","locations":[{"start":{"line":304,"column":4},"end":{"line":304,"column":null}},{"start":{},"end":{}}],"line":304},"10":{"loc":{"start":{"line":314,"column":4},"end":{"line":314,"column":null}},"type":"if","locations":[{"start":{"line":314,"column":4},"end":{"line":314,"column":null}},{"start":{},"end":{}}],"line":314},"11":{"loc":{"start":{"line":317,"column":4},"end":{"line":317,"column":null}},"type":"if","locations":[{"start":{"line":317,"column":4},"end":{"line":317,"column":null}},{"start":{},"end":{}}],"line":317},"12":{"loc":{"start":{"line":317,"column":8},"end":{"line":317,"column":62}},"type":"binary-expr","locations":[{"start":{"line":317,"column":8},"end":{"line":317,"column":36}},{"start":{"line":317,"column":36},"end":{"line":317,"column":62}}],"line":317},"13":{"loc":{"start":{"line":374,"column":21},"end":{"line":375,"column":null}},"type":"binary-expr","locations":[{"start":{"line":374,"column":21},"end":{"line":374,"column":null}},{"start":{"line":375,"column":21},"end":{"line":375,"column":null}}],"line":374},"14":{"loc":{"start":{"line":377,"column":4},"end":{"line":377,"column":null}},"type":"if","locations":[{"start":{"line":377,"column":4},"end":{"line":377,"column":null}},{"start":{},"end":{}}],"line":377},"15":{"loc":{"start":{"line":377,"column":8},"end":{"line":377,"column":44}},"type":"binary-expr","locations":[{"start":{"line":377,"column":8},"end":{"line":377,"column":21}},{"start":{"line":377,"column":21},"end":{"line":377,"column":44}}],"line":377},"16":{"loc":{"start":{"line":390,"column":4},"end":{"line":390,"column":null}},"type":"if","locations":[{"start":{"line":390,"column":4},"end":{"line":390,"column":null}},{"start":{},"end":{}}],"line":390},"17":{"loc":{"start":{"line":391,"column":4},"end":{"line":391,"column":null}},"type":"if","locations":[{"start":{"line":391,"column":4},"end":{"line":391,"column":null}},{"start":{},"end":{}}],"line":391},"18":{"loc":{"start":{"line":392,"column":4},"end":{"line":392,"column":null}},"type":"if","locations":[{"start":{"line":392,"column":4},"end":{"line":392,"column":null}},{"start":{},"end":{}}],"line":392}},"s":{"0":1,"1":1,"2":1,"3":1,"4":1,"5":1,"6":1,"7":34,"8":34,"9":34,"10":34,"11":34,"12":9,"13":25,"14":6,"15":34,"16":33,"17":33,"18":33,"19":3,"20":30,"21":9,"22":33,"23":33,"24":33,"25":33,"26":33,"27":31,"28":31,"29":24,"30":7,"31":31,"32":6,"33":25,"34":5,"35":20,"36":8,"37":12,"38":4,"39":8,"40":31,"41":7,"42":24,"43":14,"44":10,"45":31,"46":31,"47":31,"48":38,"49":38,"50":38,"51":38,"52":38,"53":35,"54":35,"55":35,"56":35,"57":35,"58":39,"59":39,"60":39,"61":0,"62":39,"63":39,"64":39,"65":39,"66":17,"67":22,"68":6,"69":16,"70":16,"71":0,"72":8,"73":1,"74":3,"75":1,"76":1,"77":1},"f":{"0":34,"1":34,"2":33,"3":31,"4":31,"5":31,"6":31,"7":38,"8":35,"9":39,"10":39,"11":8,"12":1,"13":3,"14":1,"15":1},"b":{"0":[9,25],"1":[6,19],"2":[3,30],"3":[9,21],"4":[33,33],"5":[24,7],"6":[6,25],"7":[5,20],"8":[8,12],"9":[4,8],"10":[7,24],"11":[14,10],"12":[24,18],"13":[39,0],"14":[0,39],"15":[39,39],"16":[17,22],"17":[6,16],"18":[16,0]},"meta":{"lastBranch":19,"lastFunction":16,"lastStatement":78,"seen":{"s:23:45:29:Infinity":0,"s:34:74:40:Infinity":1,"s:45:70:51:Infinity":2,"s:56:77:190:Infinity":3,"s:197:41:197:Infinity":4,"s:199:55:199:Infinity":5,"s:205:39:205:Infinity":6,"f:207:2:207:14":0,"s:208:4:208:Infinity":7,"s:209:4:209:Infinity":8,"f:215:10:215:30":1,"s:216:27:216:Infinity":9,"s:223:21:223:Infinity":10,"b:224:4:228:Infinity:226:4:228:Infinity":0,"s:224:4:228:Infinity":11,"s:225:6:225:Infinity":12,"b:226:4:228:Infinity:undefined:undefined:undefined:undefined":1,"s:226:4:228:Infinity":13,"s:227:6:227:Infinity":14,"s:238:4:244:Infinity":15,"f:250:2:250:18":2,"s:252:20:252:Infinity":16,"s:253:58:253:Infinity":17,"b:257:4:261:Infinity:259:4:261:Infinity":2,"s:257:4:261:Infinity":18,"s:258:6:258:Infinity":19,"b:259:4:261:Infinity:undefined:undefined:undefined:undefined":3,"s:259:4:261:Infinity":20,"s:260:6:260:Infinity":21,"s:265:28:265:Infinity":22,"s:269:29:269:Infinity":23,"s:271:44:276:Infinity":24,"b:272:21:272:38:272:38:272:Infinity":4,"s:278:4:278:Infinity":25,"s:279:4:279:Infinity":26,"f:286:10:286:25":3,"s:287:21:287:Infinity":27,"b:290:4:292:Infinity:undefined:undefined:undefined:undefined":5,"s:290:4:292:Infinity":28,"s:291:6:291:Infinity":29,"s:294:4:294:Infinity":30,"f:300:10:300:39":4,"b:301:4:301:Infinity:undefined:undefined:undefined:undefined":6,"s:301:4:301:Infinity":31,"s:301:48:301:Infinity":32,"b:302:4:302:Infinity:undefined:undefined:undefined:undefined":7,"s:302:4:302:Infinity":33,"s:302:48:302:Infinity":34,"b:303:4:303:Infinity:undefined:undefined:undefined:undefined":8,"s:303:4:303:Infinity":35,"s:303:46:303:Infinity":36,"b:304:4:304:Infinity:undefined:undefined:undefined:undefined":9,"s:304:4:304:Infinity":37,"s:304:49:304:Infinity":38,"s:307:4:307:Infinity":39,"f:313:10:313:32":5,"b:314:4:314:Infinity:undefined:undefined:undefined:undefined":10,"s:314:4:314:Infinity":40,"s:314:40:314:Infinity":41,"b:317:4:317:Infinity:undefined:undefined:undefined:undefined":11,"s:317:4:317:Infinity":42,"b:317:8:317:36:317:36:317:62":12,"s:317:62:317:Infinity":43,"s:321:4:321:Infinity":44,"f:327:2:327:23":6,"s:328:21:328:Infinity":45,"s:329:4:329:Infinity":46,"s:331:4:336:Infinity":47,"f:342:2:342:29":7,"s:343:23:343:Infinity":48,"s:344:26:344:Infinity":49,"s:347:30:347:Infinity":50,"s:350:30:350:Infinity":51,"s:352:4:352:Infinity":52,"f:358:2:358:31":8,"s:359:23:359:Infinity":53,"s:360:27:360:Infinity":54,"s:363:30:363:Infinity":55,"s:364:31:364:Infinity":56,"s:366:4:366:Infinity":57,"f:372:2:372:44":9,"s:373:28:373:Infinity":58,"s:374:21:375:Infinity":59,"b:374:21:374:Infinity:375:21:375:Infinity":13,"b:377:4:377:Infinity:undefined:undefined:undefined:undefined":14,"s:377:4:377:Infinity":60,"b:377:8:377:21:377:21:377:44":15,"s:377:44:377:Infinity":61,"s:380:4:380:Infinity":62,"f:386:10:386:39":10,"s:387:27:387:Infinity":63,"s:388:22:388:Infinity":64,"b:390:4:390:Infinity:undefined:undefined:undefined:undefined":16,"s:390:4:390:Infinity":65,"s:390:30:390:Infinity":66,"b:391:4:391:Infinity:undefined:undefined:undefined:undefined":17,"s:391:4:391:Infinity":67,"s:391:30:391:Infinity":68,"b:392:4:392:Infinity:undefined:undefined:undefined:undefined":18,"s:392:4:392:Infinity":69,"s:392:25:392:Infinity":70,"s:393:4:393:Infinity":71,"f:399:2:399:36":11,"s:400:4:400:Infinity":72,"f:406:2:406:50":12,"s:407:4:407:Infinity":73,"f:413:2:413:39":13,"s:414:4:414:Infinity":74,"f:420:2:420:40":14,"s:421:4:426:Infinity":75,"f:432:2:432:16":15,"s:433:4:433:Infinity":76,"s:434:4:434:Infinity":77}}}
,"C:\\Users\\Adilson Rabelo Jr\\Downloads\\Midia\\Guto\\chess-gdd-3d\\src\\engine\\openingBook.ts": {"path":"C:\\Users\\Adilson Rabelo Jr\\Downloads\\Midia\\Guto\\chess-gdd-3d\\src\\engine\\openingBook.ts","statementMap":{"0":{"start":{"line":25,"column":38},"end":{"line":25,"column":null}},"1":{"start":{"line":31,"column":18},"end":{"line":35,"column":null}},"2":{"start":{"line":38,"column":4},"end":{"line":38,"column":null}},"3":{"start":{"line":39,"column":4},"end":{"line":39,"column":null}},"4":{"start":{"line":40,"column":4},"end":{"line":40,"column":null}},"5":{"start":{"line":48,"column":4},"end":{"line":51,"column":null}},"6":{"start":{"line":50,"column":6},"end":{"line":50,"column":null}},"7":{"start":{"line":53,"column":4},"end":{"line":53,"column":null}},"8":{"start":{"line":54,"column":4},"end":{"line":54,"column":null}},"9":{"start":{"line":62,"column":17},"end":{"line":62,"column":null}},"10":{"start":{"line":63,"column":18},"end":{"line":63,"column":null}},"11":{"start":{"line":65,"column":4},"end":{"line":99,"column":null}},"12":{"start":{"line":65,"column":17},"end":{"line":65,"column":20}},"13":{"start":{"line":66,"column":25},"end":{"line":66,"column":null}},"14":{"start":{"line":67,"column":23},"end":{"line":67,"column":null}},"15":{"start":{"line":70,"column":28},"end":{"line":70,"column":null}},"16":{"start":{"line":71,"column":28},"end":{"line":71,"column":null}},"17":{"start":{"line":71,"column":57},"end":{"line":71,"column":76}},"18":{"start":{"line":73,"column":6},"end":{"line":83,"column":null}},"19":{"start":{"line":75,"column":8},"end":{"line":75,"column":null}},"20":{"start":{"line":78,"column":8},"end":{"line":82,"column":null}},"21":{"start":{"line":85,"column":6},"end":{"line":85,"column":null}},"22":{"start":{"line":88,"column":6},"end":{"line":98,"column":null}},"23":{"start":{"line":89,"column":8},"end":{"line":93,"column":null}},"24":{"start":{"line":96,"column":8},"end":{"line":96,"column":null}},"25":{"start":{"line":97,"column":8},"end":{"line":97,"column":null}},"26":{"start":{"line":107,"column":18},"end":{"line":107,"column":null}},"27":{"start":{"line":110,"column":4},"end":{"line":110,"column":null}},"28":{"start":{"line":120,"column":4},"end":{"line":120,"column":null}},"29":{"start":{"line":123,"column":4},"end":{"line":126,"column":null}},"30":{"start":{"line":124,"column":6},"end":{"line":124,"column":null}},"31":{"start":{"line":125,"column":6},"end":{"line":125,"column":null}},"32":{"start":{"line":128,"column":26},"end":{"line":128,"column":null}},"33":{"start":{"line":129,"column":18},"end":{"line":129,"column":null}},"34":{"start":{"line":131,"column":4},"end":{"line":133,"column":null}},"35":{"start":{"line":132,"column":6},"end":{"line":132,"column":null}},"36":{"start":{"line":136,"column":4},"end":{"line":136,"column":null}},"37":{"start":{"line":138,"column":4},"end":{"line":138,"column":null}},"38":{"start":{"line":154,"column":18},"end":{"line":154,"column":null}},"39":{"start":{"line":155,"column":4},"end":{"line":157,"column":null}},"40":{"start":{"line":156,"column":6},"end":{"line":156,"column":null}},"41":{"start":{"line":160,"column":26},"end":{"line":172,"column":null}},"42":{"start":{"line":161,"column":27},"end":{"line":161,"column":null}},"43":{"start":{"line":163,"column":6},"end":{"line":166,"column":null}},"44":{"start":{"line":164,"column":38},"end":{"line":164,"column":null}},"45":{"start":{"line":165,"column":8},"end":{"line":165,"column":null}},"46":{"start":{"line":168,"column":6},"end":{"line":171,"column":null}},"47":{"start":{"line":175,"column":24},"end":{"line":175,"column":null}},"48":{"start":{"line":175,"column":57},"end":{"line":175,"column":81}},"49":{"start":{"line":176,"column":17},"end":{"line":176,"column":null}},"50":{"start":{"line":178,"column":4},"end":{"line":183,"column":null}},"51":{"start":{"line":179,"column":6},"end":{"line":179,"column":null}},"52":{"start":{"line":180,"column":6},"end":{"line":182,"column":null}},"53":{"start":{"line":181,"column":8},"end":{"line":181,"column":null}},"54":{"start":{"line":186,"column":4},"end":{"line":186,"column":null}},"55":{"start":{"line":196,"column":23},"end":{"line":196,"column":null}},"56":{"start":{"line":199,"column":21},"end":{"line":199,"column":null}},"57":{"start":{"line":201,"column":21},"end":{"line":201,"column":null}},"58":{"start":{"line":203,"column":4},"end":{"line":222,"column":null}},"59":{"start":{"line":206,"column":8},"end":{"line":206,"column":null}},"60":{"start":{"line":207,"column":8},"end":{"line":207,"column":null}},"61":{"start":{"line":210,"column":8},"end":{"line":210,"column":null}},"62":{"start":{"line":211,"column":8},"end":{"line":211,"column":null}},"63":{"start":{"line":214,"column":8},"end":{"line":214,"column":null}},"64":{"start":{"line":215,"column":8},"end":{"line":215,"column":null}},"65":{"start":{"line":218,"column":8},"end":{"line":218,"column":null}},"66":{"start":{"line":219,"column":8},"end":{"line":219,"column":null}},"67":{"start":{"line":221,"column":8},"end":{"line":221,"column":null}},"68":{"start":{"line":224,"column":4},"end":{"line":224,"column":null}},"69":{"start":{"line":231,"column":22},"end":{"line":231,"column":null}},"70":{"start":{"line":234,"column":4},"end":{"line":236,"column":null}},"71":{"start":{"line":235,"column":6},"end":{"line":235,"column":null}},"72":{"start":{"line":239,"column":4},"end":{"line":241,"column":null}},"73":{"start":{"line":240,"column":6},"end":{"line":240,"column":null}},"74":{"start":{"line":244,"column":4},"end":{"line":246,"column":null}},"75":{"start":{"line":245,"column":6},"end":{"line":245,"column":null}},"76":{"start":{"line":249,"column":4},"end":{"line":251,"column":null}},"77":{"start":{"line":250,"column":6},"end":{"line":250,"column":null}},"78":{"start":{"line":253,"column":4},"end":{"line":253,"column":null}},"79":{"start":{"line":263,"column":4},"end":{"line":263,"column":null}},"80":{"start":{"line":270,"column":4},"end":{"line":270,"column":null}},"81":{"start":{"line":277,"column":20},"end":{"line":279,"column":null}},"82":{"start":{"line":281,"column":4},"end":{"line":284,"column":null}},"83":{"start":{"line":291,"column":18},"end":{"line":291,"column":null}},"84":{"start":{"line":292,"column":4},"end":{"line":292,"column":null}},"85":{"start":{"line":292,"column":38},"end":{"line":292,"column":null}},"86":{"start":{"line":295,"column":21},"end":{"line":297,"column":null}},"87":{"start":{"line":296,"column":6},"end":{"line":296,"column":null}},"88":{"start":{"line":299,"column":4},"end":{"line":302,"column":null}},"89":{"start":{"line":310,"column":4},"end":{"line":314,"column":null}},"90":{"start":{"line":311,"column":6},"end":{"line":313,"column":null}},"91":{"start":{"line":312,"column":8},"end":{"line":312,"column":null}},"92":{"start":{"line":315,"column":4},"end":{"line":315,"column":null}},"93":{"start":{"line":322,"column":4},"end":{"line":322,"column":null}},"94":{"start":{"line":323,"column":4},"end":{"line":323,"column":null}},"95":{"start":{"line":330,"column":21},"end":{"line":330,"column":null}},"96":{"start":{"line":331,"column":4},"end":{"line":333,"column":null}},"97":{"start":{"line":332,"column":6},"end":{"line":332,"column":null}},"98":{"start":{"line":332,"column":38},"end":{"line":332,"column":60}},"99":{"start":{"line":340,"column":23},"end":{"line":340,"column":null}},"100":{"start":{"line":342,"column":4},"end":{"line":350,"column":null}},"101":{"start":{"line":343,"column":6},"end":{"line":343,"column":null}},"102":{"start":{"line":344,"column":4},"end":{"line":350,"column":null}},"103":{"start":{"line":345,"column":6},"end":{"line":345,"column":null}},"104":{"start":{"line":346,"column":4},"end":{"line":350,"column":null}},"105":{"start":{"line":347,"column":6},"end":{"line":347,"column":null}},"106":{"start":{"line":348,"column":4},"end":{"line":350,"column":null}},"107":{"start":{"line":349,"column":6},"end":{"line":349,"column":null}},"108":{"start":{"line":352,"column":4},"end":{"line":352,"column":null}},"109":{"start":{"line":359,"column":46},"end":{"line":359,"column":null}},"110":{"start":{"line":362,"column":2},"end":{"line":364,"column":null}},"111":{"start":{"line":363,"column":4},"end":{"line":363,"column":null}},"112":{"start":{"line":365,"column":2},"end":{"line":365,"column":null}},"113":{"start":{"line":372,"column":2},"end":{"line":372,"column":null}}},"fnMap":{"0":{"name":"(anonymous_0)","decl":{"start":{"line":37,"column":2},"end":{"line":37,"column":16}},"loc":{"start":{"line":37,"column":16},"end":{"line":41,"column":null}},"line":37},"1":{"name":"(anonymous_1)","decl":{"start":{"line":47,"column":10},"end":{"line":47,"column":31}},"loc":{"start":{"line":47,"column":31},"end":{"line":55,"column":null}},"line":47},"2":{"name":"(anonymous_2)","decl":{"start":{"line":61,"column":10},"end":{"line":61,"column":33}},"loc":{"start":{"line":61,"column":61},"end":{"line":100,"column":null}},"line":61},"3":{"name":"(anonymous_3)","decl":{"start":{"line":71,"column":52},"end":{"line":71,"column":57}},"loc":{"start":{"line":71,"column":57},"end":{"line":71,"column":76}},"line":71},"4":{"name":"(anonymous_4)","decl":{"start":{"line":106,"column":10},"end":{"line":106,"column":23}},"loc":{"start":{"line":106,"column":44},"end":{"line":111,"column":null}},"line":106},"5":{"name":"(anonymous_5)","decl":{"start":{"line":119,"column":9},"end":{"line":119,"column":16}},"loc":{"start":{"line":119,"column":48},"end":{"line":139,"column":null}},"line":119},"6":{"name":"(anonymous_6)","decl":{"start":{"line":153,"column":9},"end":{"line":153,"column":20}},"loc":{"start":{"line":153,"column":145},"end":{"line":187,"column":null}},"line":153},"7":{"name":"(anonymous_7)","decl":{"start":{"line":160,"column":36},"end":{"line":160,"column":48}},"loc":{"start":{"line":160,"column":48},"end":{"line":172,"column":5}},"line":160},"8":{"name":"(anonymous_8)","decl":{"start":{"line":175,"column":45},"end":{"line":175,"column":46}},"loc":{"start":{"line":175,"column":57},"end":{"line":175,"column":81}},"line":175},"9":{"name":"(anonymous_9)","decl":{"start":{"line":192,"column":10},"end":{"line":192,"column":null}},"loc":{"start":{"line":195,"column":12},"end":{"line":225,"column":null}},"line":195},"10":{"name":"(anonymous_10)","decl":{"start":{"line":230,"column":10},"end":{"line":230,"column":28}},"loc":{"start":{"line":230,"column":106},"end":{"line":254,"column":null}},"line":230},"11":{"name":"(anonymous_11)","decl":{"start":{"line":262,"column":9},"end":{"line":262,"column":18}},"loc":{"start":{"line":262,"column":40},"end":{"line":264,"column":null}},"line":262},"12":{"name":"(anonymous_12)","decl":{"start":{"line":269,"column":9},"end":{"line":269,"column":32}},"loc":{"start":{"line":269,"column":32},"end":{"line":271,"column":null}},"line":269},"13":{"name":"(anonymous_13)","decl":{"start":{"line":276,"column":9},"end":{"line":276,"column":38}},"loc":{"start":{"line":276,"column":38},"end":{"line":285,"column":null}},"line":276},"14":{"name":"(anonymous_14)","decl":{"start":{"line":290,"column":9},"end":{"line":290,"column":24}},"loc":{"start":{"line":290,"column":76},"end":{"line":303,"column":null}},"line":290},"15":{"name":"(anonymous_15)","decl":{"start":{"line":295,"column":34},"end":{"line":295,"column":35}},"loc":{"start":{"line":296,"column":6},"end":{"line":296,"column":null}},"line":296},"16":{"name":"(anonymous_16)","decl":{"start":{"line":308,"column":10},"end":{"line":308,"column":22}},"loc":{"start":{"line":308,"column":69},"end":{"line":316,"column":null}},"line":308},"17":{"name":"(anonymous_17)","decl":{"start":{"line":321,"column":9},"end":{"line":321,"column":28}},"loc":{"start":{"line":321,"column":28},"end":{"line":324,"column":null}},"line":321},"18":{"name":"(anonymous_18)","decl":{"start":{"line":329,"column":9},"end":{"line":329,"column":31}},"loc":{"start":{"line":329,"column":73},"end":{"line":334,"column":null}},"line":329},"19":{"name":"(anonymous_19)","decl":{"start":{"line":331,"column":27},"end":{"line":331,"column":null}},"loc":{"start":{"line":332,"column":6},"end":{"line":332,"column":null}},"line":332},"20":{"name":"(anonymous_20)","decl":{"start":{"line":332,"column":20},"end":{"line":332,"column":21}},"loc":{"start":{"line":332,"column":38},"end":{"line":332,"column":60}},"line":332},"21":{"name":"(anonymous_21)","decl":{"start":{"line":339,"column":9},"end":{"line":339,"column":25}},"loc":{"start":{"line":339,"column":108},"end":{"line":353,"column":null}},"line":339},"22":{"name":"getOpeningBook","decl":{"start":{"line":361,"column":16},"end":{"line":361,"column":46}},"loc":{"start":{"line":361,"column":46},"end":{"line":366,"column":null}},"line":361},"23":{"name":"resetOpeningBook","decl":{"start":{"line":371,"column":16},"end":{"line":371,"column":41}},"loc":{"start":{"line":371,"column":41},"end":{"line":373,"column":null}},"line":371}},"branchMap":{"0":{"loc":{"start":{"line":70,"column":28},"end":{"line":70,"column":null}},"type":"binary-expr","locations":[{"start":{"line":70,"column":28},"end":{"line":70,"column":61}},{"start":{"line":70,"column":61},"end":{"line":70,"column":null}}],"line":70},"1":{"loc":{"start":{"line":73,"column":6},"end":{"line":83,"column":null}},"type":"if","locations":[{"start":{"line":73,"column":6},"end":{"line":83,"column":null}},{"start":{"line":76,"column":13},"end":{"line":83,"column":null}}],"line":73},"2":{"loc":{"start":{"line":92,"column":21},"end":{"line":92,"column":null}},"type":"cond-expr","locations":[{"start":{"line":92,"column":43},"end":{"line":92,"column":57}},{"start":{"line":92,"column":57},"end":{"line":92,"column":null}}],"line":92},"3":{"loc":{"start":{"line":123,"column":4},"end":{"line":126,"column":null}},"type":"if","locations":[{"start":{"line":123,"column":4},"end":{"line":126,"column":null}},{"start":{},"end":{}}],"line":123},"4":{"loc":{"start":{"line":129,"column":18},"end":{"line":129,"column":null}},"type":"binary-expr","locations":[{"start":{"line":129,"column":18},"end":{"line":129,"column":54}},{"start":{"line":129,"column":54},"end":{"line":129,"column":null}}],"line":129},"5":{"loc":{"start":{"line":131,"column":4},"end":{"line":133,"column":null}},"type":"if","locations":[{"start":{"line":131,"column":4},"end":{"line":133,"column":null}},{"start":{},"end":{}}],"line":131},"6":{"loc":{"start":{"line":155,"column":4},"end":{"line":157,"column":null}},"type":"if","locations":[{"start":{"line":155,"column":4},"end":{"line":157,"column":null}},{"start":{},"end":{}}],"line":155},"7":{"loc":{"start":{"line":155,"column":8},"end":{"line":155,"column":38}},"type":"binary-expr","locations":[{"start":{"line":155,"column":8},"end":{"line":155,"column":18}},{"start":{"line":155,"column":18},"end":{"line":155,"column":38}}],"line":155},"8":{"loc":{"start":{"line":163,"column":6},"end":{"line":166,"column":null}},"type":"if","locations":[{"start":{"line":163,"column":6},"end":{"line":166,"column":null}},{"start":{},"end":{}}],"line":163},"9":{"loc":{"start":{"line":180,"column":6},"end":{"line":182,"column":null}},"type":"if","locations":[{"start":{"line":180,"column":6},"end":{"line":182,"column":null}},{"start":{},"end":{}}],"line":180},"10":{"loc":{"start":{"line":203,"column":4},"end":{"line":222,"column":null}},"type":"switch","locations":[{"start":{"line":204,"column":6},"end":{"line":207,"column":null}},{"start":{"line":208,"column":6},"end":{"line":211,"column":null}},{"start":{"line":212,"column":6},"end":{"line":215,"column":null}},{"start":{"line":216,"column":6},"end":{"line":219,"column":null}},{"start":{"line":220,"column":6},"end":{"line":221,"column":null}}],"line":203},"11":{"loc":{"start":{"line":234,"column":4},"end":{"line":236,"column":null}},"type":"if","locations":[{"start":{"line":234,"column":4},"end":{"line":236,"column":null}},{"start":{},"end":{}}],"line":234},"12":{"loc":{"start":{"line":239,"column":4},"end":{"line":241,"column":null}},"type":"if","locations":[{"start":{"line":239,"column":4},"end":{"line":241,"column":null}},{"start":{},"end":{}}],"line":239},"13":{"loc":{"start":{"line":244,"column":4},"end":{"line":246,"column":null}},"type":"if","locations":[{"start":{"line":244,"column":4},"end":{"line":246,"column":null}},{"start":{},"end":{}}],"line":244},"14":{"loc":{"start":{"line":249,"column":4},"end":{"line":251,"column":null}},"type":"if","locations":[{"start":{"line":249,"column":4},"end":{"line":251,"column":null}},{"start":{},"end":{}}],"line":249},"15":{"loc":{"start":{"line":277,"column":20},"end":{"line":279,"column":null}},"type":"cond-expr","locations":[{"start":{"line":278,"column":9},"end":{"line":278,"column":null}},{"start":{"line":279,"column":8},"end":{"line":279,"column":null}}],"line":277},"16":{"loc":{"start":{"line":292,"column":4},"end":{"line":292,"column":null}},"type":"if","locations":[{"start":{"line":292,"column":4},"end":{"line":292,"column":null}},{"start":{},"end":{}}],"line":292},"17":{"loc":{"start":{"line":292,"column":8},"end":{"line":292,"column":38}},"type":"binary-expr","locations":[{"start":{"line":292,"column":8},"end":{"line":292,"column":18}},{"start":{"line":292,"column":18},"end":{"line":292,"column":38}}],"line":292},"18":{"loc":{"start":{"line":296,"column":6},"end":{"line":296,"column":null}},"type":"cond-expr","locations":[{"start":{"line":296,"column":37},"end":{"line":296,"column":47}},{"start":{"line":296,"column":47},"end":{"line":296,"column":null}}],"line":296},"19":{"loc":{"start":{"line":311,"column":6},"end":{"line":313,"column":null}},"type":"if","locations":[{"start":{"line":311,"column":6},"end":{"line":313,"column":null}},{"start":{},"end":{}}],"line":311},"20":{"loc":{"start":{"line":342,"column":4},"end":{"line":350,"column":null}},"type":"if","locations":[{"start":{"line":342,"column":4},"end":{"line":350,"column":null}},{"start":{"line":344,"column":4},"end":{"line":350,"column":null}}],"line":342},"21":{"loc":{"start":{"line":344,"column":4},"end":{"line":350,"column":null}},"type":"if","locations":[{"start":{"line":344,"column":4},"end":{"line":350,"column":null}},{"start":{"line":346,"column":4},"end":{"line":350,"column":null}}],"line":344},"22":{"loc":{"start":{"line":346,"column":4},"end":{"line":350,"column":null}},"type":"if","locations":[{"start":{"line":346,"column":4},"end":{"line":350,"column":null}},{"start":{"line":348,"column":4},"end":{"line":350,"column":null}}],"line":346},"23":{"loc":{"start":{"line":348,"column":4},"end":{"line":350,"column":null}},"type":"if","locations":[{"start":{"line":348,"column":4},"end":{"line":350,"column":null}},{"start":{},"end":{}}],"line":348},"24":{"loc":{"start":{"line":362,"column":2},"end":{"line":364,"column":null}},"type":"if","locations":[{"start":{"line":362,"column":2},"end":{"line":364,"column":null}},{"start":{},"end":{}}],"line":362}},"s":{"0":29,"1":29,"2":29,"3":29,"4":29,"5":29,"6":4147,"7":29,"8":29,"9":4147,"10":4147,"11":4147,"12":4147,"13":26187,"14":26187,"15":26187,"16":26187,"17":42659,"18":26187,"19":18966,"20":7221,"21":26187,"22":26187,"23":26187,"24":29,"25":29,"26":26205,"27":26205,"28":41,"29":41,"30":23,"31":23,"32":18,"33":18,"34":41,"35":14,"36":18,"37":18,"38":24,"39":24,"40":1,"41":23,"42":115,"43":115,"44":10,"45":10,"46":115,"47":23,"48":115,"49":23,"50":23,"51":44,"52":44,"53":23,"54":0,"55":10,"56":10,"57":10,"58":10,"59":2,"60":2,"61":0,"62":0,"63":0,"64":0,"65":0,"66":0,"67":8,"68":10,"69":10,"70":10,"71":2,"72":8,"73":0,"74":8,"75":0,"76":8,"77":0,"78":8,"79":2,"80":1,"81":5,"82":5,"83":2,"84":2,"85":1,"86":1,"87":4,"88":1,"89":1,"90":1,"91":1,"92":0,"93":28,"94":28,"95":6,"96":6,"97":858,"98":7520,"99":2,"100":2,"101":1,"102":1,"103":1,"104":0,"105":0,"106":0,"107":0,"108":0,"109":1,"110":4,"111":3,"112":4,"113":27},"f":{"0":29,"1":29,"2":4147,"3":42659,"4":26205,"5":41,"6":24,"7":115,"8":115,"9":10,"10":10,"11":2,"12":1,"13":5,"14":2,"15":4,"16":1,"17":28,"18":6,"19":858,"20":7520,"21":2,"22":4,"23":27},"b":{"0":[26187,4930],"1":[18966,7221],"2":[0,26187],"3":[23,18],"4":[18,4],"5":[14,27],"6":[1,23],"7":[24,23],"8":[10,105],"9":[23,21],"10":[2,0,0,0,8],"11":[2,8],"12":[0,8],"13":[0,8],"14":[0,8],"15":[3,2],"16":[1,1],"17":[2,1],"18":[0,4],"19":[1,0],"20":[1,1],"21":[1,0],"22":[0,0],"23":[0,0],"24":[3,1]},"meta":{"lastBranch":25,"lastFunction":24,"lastStatement":114,"seen":{"s:25:38:25:Infinity":0,"s:31:18:35:Infinity":1,"f:37:2:37:16":0,"s:38:4:38:Infinity":2,"s:39:4:39:Infinity":3,"s:40:4:40:Infinity":4,"f:47:10:47:31":1,"s:48:4:51:Infinity":5,"s:50:6:50:Infinity":6,"s:53:4:53:Infinity":7,"s:54:4:54:Infinity":8,"f:61:10:61:33":2,"s:62:17:62:Infinity":9,"s:63:18:63:Infinity":10,"s:65:4:99:Infinity":11,"s:65:17:65:20":12,"s:66:25:66:Infinity":13,"s:67:23:67:Infinity":14,"s:70:28:70:Infinity":15,"b:70:28:70:61:70:61:70:Infinity":0,"s:71:28:71:Infinity":16,"f:71:52:71:57":3,"s:71:57:71:76":17,"b:73:6:83:Infinity:76:13:83:Infinity":1,"s:73:6:83:Infinity":18,"s:75:8:75:Infinity":19,"s:78:8:82:Infinity":20,"s:85:6:85:Infinity":21,"s:88:6:98:Infinity":22,"s:89:8:93:Infinity":23,"b:92:43:92:57:92:57:92:Infinity":2,"s:96:8:96:Infinity":24,"s:97:8:97:Infinity":25,"f:106:10:106:23":4,"s:107:18:107:Infinity":26,"s:110:4:110:Infinity":27,"f:119:9:119:16":5,"s:120:4:120:Infinity":28,"b:123:4:126:Infinity:undefined:undefined:undefined:undefined":3,"s:123:4:126:Infinity":29,"s:124:6:124:Infinity":30,"s:125:6:125:Infinity":31,"s:128:26:128:Infinity":32,"s:129:18:129:Infinity":33,"b:129:18:129:54:129:54:129:Infinity":4,"b:131:4:133:Infinity:undefined:undefined:undefined:undefined":5,"s:131:4:133:Infinity":34,"s:132:6:132:Infinity":35,"s:136:4:136:Infinity":36,"s:138:4:138:Infinity":37,"f:153:9:153:20":6,"s:154:18:154:Infinity":38,"b:155:4:157:Infinity:undefined:undefined:undefined:undefined":6,"s:155:4:157:Infinity":39,"b:155:8:155:18:155:18:155:38":7,"s:156:6:156:Infinity":40,"s:160:26:172:Infinity":41,"f:160:36:160:48":7,"s:161:27:161:Infinity":42,"b:163:6:166:Infinity:undefined:undefined:undefined:undefined":8,"s:163:6:166:Infinity":43,"s:164:38:164:Infinity":44,"s:165:8:165:Infinity":45,"s:168:6:171:Infinity":46,"s:175:24:175:Infinity":47,"f:175:45:175:46":8,"s:175:57:175:81":48,"s:176:17:176:Infinity":49,"s:178:4:183:Infinity":50,"s:179:6:179:Infinity":51,"b:180:6:182:Infinity:undefined:undefined:undefined:undefined":9,"s:180:6:182:Infinity":52,"s:181:8:181:Infinity":53,"s:186:4:186:Infinity":54,"f:192:10:192:Infinity":9,"s:196:23:196:Infinity":55,"s:199:21:199:Infinity":56,"s:201:21:201:Infinity":57,"b:204:6:207:Infinity:208:6:211:Infinity:212:6:215:Infinity:216:6:219:Infinity:220:6:221:Infinity":10,"s:203:4:222:Infinity":58,"s:206:8:206:Infinity":59,"s:207:8:207:Infinity":60,"s:210:8:210:Infinity":61,"s:211:8:211:Infinity":62,"s:214:8:214:Infinity":63,"s:215:8:215:Infinity":64,"s:218:8:218:Infinity":65,"s:219:8:219:Infinity":66,"s:221:8:221:Infinity":67,"s:224:4:224:Infinity":68,"f:230:10:230:28":10,"s:231:22:231:Infinity":69,"b:234:4:236:Infinity:undefined:undefined:undefined:undefined":11,"s:234:4:236:Infinity":70,"s:235:6:235:Infinity":71,"b:239:4:241:Infinity:undefined:undefined:undefined:undefined":12,"s:239:4:241:Infinity":72,"s:240:6:240:Infinity":73,"b:244:4:246:Infinity:undefined:undefined:undefined:undefined":13,"s:244:4:246:Infinity":74,"s:245:6:245:Infinity":75,"b:249:4:251:Infinity:undefined:undefined:undefined:undefined":14,"s:249:4:251:Infinity":76,"s:250:6:250:Infinity":77,"s:253:4:253:Infinity":78,"f:262:9:262:18":11,"s:263:4:263:Infinity":79,"f:269:9:269:32":12,"s:270:4:270:Infinity":80,"f:276:9:276:38":13,"s:277:20:279:Infinity":81,"b:278:9:278:Infinity:279:8:279:Infinity":15,"s:281:4:284:Infinity":82,"f:290:9:290:24":14,"s:291:18:291:Infinity":83,"b:292:4:292:Infinity:undefined:undefined:undefined:undefined":16,"s:292:4:292:Infinity":84,"b:292:8:292:18:292:18:292:38":17,"s:292:38:292:Infinity":85,"s:295:21:297:Infinity":86,"f:295:34:295:35":15,"s:296:6:296:Infinity":87,"b:296:37:296:47:296:47:296:Infinity":18,"s:299:4:302:Infinity":88,"f:308:10:308:22":16,"s:310:4:314:Infinity":89,"b:311:6:313:Infinity:undefined:undefined:undefined:undefined":19,"s:311:6:313:Infinity":90,"s:312:8:312:Infinity":91,"s:315:4:315:Infinity":92,"f:321:9:321:28":17,"s:322:4:322:Infinity":93,"s:323:4:323:Infinity":94,"f:329:9:329:31":18,"s:330:21:330:Infinity":95,"s:331:4:333:Infinity":96,"f:331:27:331:Infinity":19,"s:332:6:332:Infinity":97,"f:332:20:332:21":20,"s:332:38:332:60":98,"f:339:9:339:25":21,"s:340:23:340:Infinity":99,"b:342:4:350:Infinity:344:4:350:Infinity":20,"s:342:4:350:Infinity":100,"s:343:6:343:Infinity":101,"b:344:4:350:Infinity:346:4:350:Infinity":21,"s:344:4:350:Infinity":102,"s:345:6:345:Infinity":103,"b:346:4:350:Infinity:348:4:350:Infinity":22,"s:346:4:350:Infinity":104,"s:347:6:347:Infinity":105,"b:348:4:350:Infinity:undefined:undefined:undefined:undefined":23,"s:348:4:350:Infinity":106,"s:349:6:349:Infinity":107,"s:352:4:352:Infinity":108,"s:359:46:359:Infinity":109,"f:361:16:361:46":22,"b:362:2:364:Infinity:undefined:undefined:undefined:undefined":24,"s:362:2:364:Infinity":110,"s:363:4:363:Infinity":111,"s:365:2:365:Infinity":112,"f:371:16:371:41":23,"s:372:2:372:Infinity":113}}}
,"C:\\Users\\Adilson Rabelo Jr\\Downloads\\Midia\\Guto\\chess-gdd-3d\\src\\engine\\timeManager.ts": {"path":"C:\\Users\\Adilson Rabelo Jr\\Downloads\\Midia\\Guto\\chess-gdd-3d\\src\\engine\\timeManager.ts","statementMap":{"0":{"start":{"line":45,"column":57},"end":{"line":64,"column":null}},"1":{"start":{"line":69,"column":45},"end":{"line":76,"column":null}},"2":{"start":{"line":90,"column":4},"end":{"line":96,"column":null}},"3":{"start":{"line":104,"column":4},"end":{"line":104,"column":null}},"4":{"start":{"line":112,"column":4},"end":{"line":112,"column":null}},"5":{"start":{"line":119,"column":4},"end":{"line":119,"column":null}},"6":{"start":{"line":128,"column":16},"end":{"line":128,"column":null}},"7":{"start":{"line":129,"column":19},"end":{"line":129,"column":null}},"8":{"start":{"line":130,"column":28},"end":{"line":130,"column":null}},"9":{"start":{"line":131,"column":34},"end":{"line":131,"column":null}},"10":{"start":{"line":132,"column":22},"end":{"line":132,"column":null}},"11":{"start":{"line":135,"column":28},"end":{"line":135,"column":null}},"12":{"start":{"line":136,"column":33},"end":{"line":136,"column":null}},"13":{"start":{"line":137,"column":26},"end":{"line":137,"column":null}},"14":{"start":{"line":138,"column":27},"end":{"line":138,"column":null}},"15":{"start":{"line":141,"column":18},"end":{"line":146,"column":null}},"16":{"start":{"line":148,"column":4},"end":{"line":156,"column":null}},"17":{"start":{"line":170,"column":30},"end":{"line":170,"column":null}},"18":{"start":{"line":173,"column":16},"end":{"line":174,"column":null}},"19":{"start":{"line":177,"column":22},"end":{"line":177,"column":null}},"20":{"start":{"line":178,"column":4},"end":{"line":178,"column":null}},"21":{"start":{"line":181,"column":4},"end":{"line":181,"column":null}},"22":{"start":{"line":183,"column":4},"end":{"line":183,"column":null}},"23":{"start":{"line":196,"column":4},"end":{"line":216,"column":null}},"24":{"start":{"line":197,"column":24},"end":{"line":197,"column":null}},"25":{"start":{"line":198,"column":29},"end":{"line":198,"column":null}},"26":{"start":{"line":200,"column":29},"end":{"line":213,"column":null}},"27":{"start":{"line":201,"column":24},"end":{"line":201,"column":null}},"28":{"start":{"line":202,"column":25},"end":{"line":202,"column":null}},"29":{"start":{"line":204,"column":8},"end":{"line":206,"column":null}},"30":{"start":{"line":205,"column":10},"end":{"line":205,"column":null}},"31":{"start":{"line":208,"column":8},"end":{"line":212,"column":null}},"32":{"start":{"line":209,"column":10},"end":{"line":209,"column":null}},"33":{"start":{"line":211,"column":10},"end":{"line":211,"column":null}},"34":{"start":{"line":215,"column":6},"end":{"line":215,"column":null}},"35":{"start":{"line":223,"column":18},"end":{"line":223,"column":null}},"36":{"start":{"line":224,"column":16},"end":{"line":224,"column":null}},"37":{"start":{"line":225,"column":16},"end":{"line":225,"column":null}},"38":{"start":{"line":227,"column":4},"end":{"line":234,"column":null}},"39":{"start":{"line":228,"column":6},"end":{"line":233,"column":null}},"40":{"start":{"line":229,"column":8},"end":{"line":232,"column":null}},"41":{"start":{"line":230,"column":10},"end":{"line":231,"column":null}},"42":{"start":{"line":230,"column":35},"end":{"line":230,"column":null}},"43":{"start":{"line":231,"column":15},"end":{"line":231,"column":null}},"44":{"start":{"line":236,"column":4},"end":{"line":236,"column":null}},"45":{"start":{"line":245,"column":4},"end":{"line":245,"column":null}},"46":{"start":{"line":245,"column":28},"end":{"line":245,"column":null}},"47":{"start":{"line":246,"column":4},"end":{"line":246,"column":null}},"48":{"start":{"line":246,"column":27},"end":{"line":246,"column":null}},"49":{"start":{"line":249,"column":4},"end":{"line":249,"column":null}},"50":{"start":{"line":256,"column":18},"end":{"line":256,"column":null}},"51":{"start":{"line":257,"column":24},"end":{"line":257,"column":null}},"52":{"start":{"line":258,"column":24},"end":{"line":258,"column":null}},"53":{"start":{"line":260,"column":4},"end":{"line":268,"column":null}},"54":{"start":{"line":261,"column":6},"end":{"line":267,"column":null}},"55":{"start":{"line":262,"column":8},"end":{"line":266,"column":null}},"56":{"start":{"line":263,"column":24},"end":{"line":263,"column":null}},"57":{"start":{"line":264,"column":10},"end":{"line":265,"column":null}},"58":{"start":{"line":264,"column":35},"end":{"line":264,"column":null}},"59":{"start":{"line":265,"column":15},"end":{"line":265,"column":null}},"60":{"start":{"line":270,"column":17},"end":{"line":270,"column":null}},"61":{"start":{"line":272,"column":4},"end":{"line":272,"column":null}},"62":{"start":{"line":279,"column":16},"end":{"line":279,"column":null}},"63":{"start":{"line":282,"column":4},"end":{"line":284,"column":null}},"64":{"start":{"line":283,"column":6},"end":{"line":283,"column":null}},"65":{"start":{"line":287,"column":18},"end":{"line":287,"column":null}},"66":{"start":{"line":288,"column":26},"end":{"line":288,"column":null}},"67":{"start":{"line":288,"column":44},"end":{"line":288,"column":63}},"68":{"start":{"line":289,"column":4},"end":{"line":289,"column":null}},"69":{"start":{"line":292,"column":21},"end":{"line":292,"column":null}},"70":{"start":{"line":292,"column":39},"end":{"line":292,"column":49}},"71":{"start":{"line":293,"column":4},"end":{"line":293,"column":null}},"72":{"start":{"line":295,"column":4},"end":{"line":295,"column":null}},"73":{"start":{"line":302,"column":4},"end":{"line":302,"column":null}},"74":{"start":{"line":302,"column":28},"end":{"line":302,"column":null}},"75":{"start":{"line":303,"column":4},"end":{"line":303,"column":null}},"76":{"start":{"line":303,"column":28},"end":{"line":303,"column":null}},"77":{"start":{"line":304,"column":4},"end":{"line":304,"column":null}},"78":{"start":{"line":311,"column":4},"end":{"line":315,"column":null}},"79":{"start":{"line":312,"column":22},"end":{"line":312,"column":null}},"80":{"start":{"line":313,"column":25},"end":{"line":313,"column":null}},"81":{"start":{"line":314,"column":22},"end":{"line":314,"column":null}},"82":{"start":{"line":325,"column":4},"end":{"line":325,"column":null}},"83":{"start":{"line":325,"column":22},"end":{"line":325,"column":null}},"84":{"start":{"line":327,"column":17},"end":{"line":327,"column":null}},"85":{"start":{"line":330,"column":27},"end":{"line":330,"column":null}},"86":{"start":{"line":331,"column":4},"end":{"line":335,"column":null}},"87":{"start":{"line":332,"column":6},"end":{"line":332,"column":null}},"88":{"start":{"line":333,"column":4},"end":{"line":335,"column":null}},"89":{"start":{"line":334,"column":6},"end":{"line":334,"column":null}},"90":{"start":{"line":338,"column":22},"end":{"line":338,"column":null}},"91":{"start":{"line":339,"column":4},"end":{"line":343,"column":null}},"92":{"start":{"line":340,"column":6},"end":{"line":340,"column":null}},"93":{"start":{"line":341,"column":4},"end":{"line":343,"column":null}},"94":{"start":{"line":342,"column":6},"end":{"line":342,"column":null}},"95":{"start":{"line":346,"column":4},"end":{"line":348,"column":null}},"96":{"start":{"line":347,"column":6},"end":{"line":347,"column":null}},"97":{"start":{"line":350,"column":4},"end":{"line":350,"column":null}},"98":{"start":{"line":358,"column":2},"end":{"line":358,"column":null}},"99":{"start":{"line":365,"column":2},"end":{"line":365,"column":null}}},"fnMap":{"0":{"name":"(anonymous_0)","decl":{"start":{"line":89,"column":2},"end":{"line":89,"column":14}},"loc":{"start":{"line":89,"column":44},"end":{"line":97,"column":null}},"line":89},"1":{"name":"(anonymous_1)","decl":{"start":{"line":103,"column":9},"end":{"line":103,"column":19}},"loc":{"start":{"line":103,"column":54},"end":{"line":105,"column":null}},"line":103},"2":{"name":"(anonymous_2)","decl":{"start":{"line":111,"column":9},"end":{"line":111,"column":18}},"loc":{"start":{"line":111,"column":40},"end":{"line":113,"column":null}},"line":111},"3":{"name":"(anonymous_3)","decl":{"start":{"line":118,"column":9},"end":{"line":118,"column":33}},"loc":{"start":{"line":118,"column":33},"end":{"line":120,"column":null}},"line":118},"4":{"name":"(anonymous_4)","decl":{"start":{"line":127,"column":9},"end":{"line":127,"column":29}},"loc":{"start":{"line":127,"column":62},"end":{"line":157,"column":null}},"line":127},"5":{"name":"(anonymous_5)","decl":{"start":{"line":165,"column":9},"end":{"line":165,"column":null}},"loc":{"start":{"line":168,"column":12},"end":{"line":184,"column":null}},"line":168},"6":{"name":"(anonymous_6)","decl":{"start":{"line":192,"column":15},"end":{"line":192,"column":null}},"loc":{"start":{"line":195,"column":19},"end":{"line":217,"column":null}},"line":195},"7":{"name":"(anonymous_7)","decl":{"start":{"line":196,"column":23},"end":{"line":196,"column":24}},"loc":{"start":{"line":196,"column":36},"end":{"line":216,"column":5}},"line":196},"8":{"name":"(anonymous_8)","decl":{"start":{"line":200,"column":29},"end":{"line":200,"column":35}},"loc":{"start":{"line":200,"column":35},"end":{"line":213,"column":null}},"line":200},"9":{"name":"(anonymous_9)","decl":{"start":{"line":222,"column":10},"end":{"line":222,"column":22}},"loc":{"start":{"line":222,"column":84},"end":{"line":237,"column":null}},"line":222},"10":{"name":"(anonymous_10)","decl":{"start":{"line":243,"column":10},"end":{"line":243,"column":35}},"loc":{"start":{"line":243,"column":70},"end":{"line":250,"column":null}},"line":243},"11":{"name":"(anonymous_11)","decl":{"start":{"line":255,"column":10},"end":{"line":255,"column":35}},"loc":{"start":{"line":255,"column":56},"end":{"line":273,"column":null}},"line":255},"12":{"name":"(anonymous_12)","decl":{"start":{"line":278,"column":10},"end":{"line":278,"column":41}},"loc":{"start":{"line":278,"column":62},"end":{"line":296,"column":null}},"line":278},"13":{"name":"(anonymous_13)","decl":{"start":{"line":288,"column":39},"end":{"line":288,"column":44}},"loc":{"start":{"line":288,"column":44},"end":{"line":288,"column":63}},"line":288},"14":{"name":"(anonymous_14)","decl":{"start":{"line":292,"column":34},"end":{"line":292,"column":39}},"loc":{"start":{"line":292,"column":39},"end":{"line":292,"column":49}},"line":292},"15":{"name":"(anonymous_15)","decl":{"start":{"line":301,"column":10},"end":{"line":301,"column":29}},"loc":{"start":{"line":301,"column":94},"end":{"line":305,"column":null}},"line":301},"16":{"name":"(anonymous_16)","decl":{"start":{"line":310,"column":10},"end":{"line":310,"column":28}},"loc":{"start":{"line":310,"column":81},"end":{"line":316,"column":null}},"line":310},"17":{"name":"(anonymous_17)","decl":{"start":{"line":321,"column":10},"end":{"line":321,"column":null}},"loc":{"start":{"line":324,"column":12},"end":{"line":351,"column":null}},"line":324},"18":{"name":"createTimeManager","decl":{"start":{"line":357,"column":16},"end":{"line":357,"column":34}},"loc":{"start":{"line":357,"column":77},"end":{"line":359,"column":null}},"line":357},"19":{"name":"createTimeManagerForSpeed","decl":{"start":{"line":364,"column":16},"end":{"line":364,"column":42}},"loc":{"start":{"line":364,"column":71},"end":{"line":366,"column":null}},"line":364}},"branchMap":{"0":{"loc":{"start":{"line":204,"column":8},"end":{"line":206,"column":null}},"type":"if","locations":[{"start":{"line":204,"column":8},"end":{"line":206,"column":null}},{"start":{},"end":{}}],"line":204},"1":{"loc":{"start":{"line":208,"column":8},"end":{"line":212,"column":null}},"type":"if","locations":[{"start":{"line":208,"column":8},"end":{"line":212,"column":null}},{"start":{"line":210,"column":15},"end":{"line":212,"column":null}}],"line":208},"2":{"loc":{"start":{"line":229,"column":8},"end":{"line":232,"column":null}},"type":"if","locations":[{"start":{"line":229,"column":8},"end":{"line":232,"column":null}},{"start":{},"end":{}}],"line":229},"3":{"loc":{"start":{"line":230,"column":10},"end":{"line":231,"column":null}},"type":"if","locations":[{"start":{"line":230,"column":10},"end":{"line":231,"column":null}},{"start":{"line":231,"column":15},"end":{"line":231,"column":null}}],"line":230},"4":{"loc":{"start":{"line":245,"column":4},"end":{"line":245,"column":null}},"type":"if","locations":[{"start":{"line":245,"column":4},"end":{"line":245,"column":null}},{"start":{},"end":{}}],"line":245},"5":{"loc":{"start":{"line":246,"column":4},"end":{"line":246,"column":null}},"type":"if","locations":[{"start":{"line":246,"column":4},"end":{"line":246,"column":null}},{"start":{},"end":{}}],"line":246},"6":{"loc":{"start":{"line":262,"column":8},"end":{"line":266,"column":null}},"type":"if","locations":[{"start":{"line":262,"column":8},"end":{"line":266,"column":null}},{"start":{},"end":{}}],"line":262},"7":{"loc":{"start":{"line":263,"column":24},"end":{"line":263,"column":null}},"type":"binary-expr","locations":[{"start":{"line":263,"column":24},"end":{"line":263,"column":52}},{"start":{"line":263,"column":52},"end":{"line":263,"column":null}}],"line":263},"8":{"loc":{"start":{"line":264,"column":10},"end":{"line":265,"column":null}},"type":"if","locations":[{"start":{"line":264,"column":10},"end":{"line":265,"column":null}},{"start":{"line":265,"column":15},"end":{"line":265,"column":null}}],"line":264},"9":{"loc":{"start":{"line":282,"column":4},"end":{"line":284,"column":null}},"type":"if","locations":[{"start":{"line":282,"column":4},"end":{"line":284,"column":null}},{"start":{},"end":{}}],"line":282},"10":{"loc":{"start":{"line":302,"column":4},"end":{"line":302,"column":null}},"type":"if","locations":[{"start":{"line":302,"column":4},"end":{"line":302,"column":null}},{"start":{},"end":{}}],"line":302},"11":{"loc":{"start":{"line":303,"column":4},"end":{"line":303,"column":null}},"type":"if","locations":[{"start":{"line":303,"column":4},"end":{"line":303,"column":null}},{"start":{},"end":{}}],"line":303},"12":{"loc":{"start":{"line":311,"column":4},"end":{"line":315,"column":null}},"type":"switch","locations":[{"start":{"line":312,"column":6},"end":{"line":312,"column":null}},{"start":{"line":313,"column":6},"end":{"line":313,"column":null}},{"start":{"line":314,"column":6},"end":{"line":314,"column":null}}],"line":311},"13":{"loc":{"start":{"line":325,"column":4},"end":{"line":325,"column":null}},"type":"if","locations":[{"start":{"line":325,"column":4},"end":{"line":325,"column":null}},{"start":{},"end":{}}],"line":325},"14":{"loc":{"start":{"line":331,"column":4},"end":{"line":335,"column":null}},"type":"if","locations":[{"start":{"line":331,"column":4},"end":{"line":335,"column":null}},{"start":{"line":333,"column":4},"end":{"line":335,"column":null}}],"line":331},"15":{"loc":{"start":{"line":333,"column":4},"end":{"line":335,"column":null}},"type":"if","locations":[{"start":{"line":333,"column":4},"end":{"line":335,"column":null}},{"start":{},"end":{}}],"line":333},"16":{"loc":{"start":{"line":339,"column":4},"end":{"line":343,"column":null}},"type":"if","locations":[{"start":{"line":339,"column":4},"end":{"line":343,"column":null}},{"start":{"line":341,"column":4},"end":{"line":343,"column":null}}],"line":339},"17":{"loc":{"start":{"line":341,"column":4},"end":{"line":343,"column":null}},"type":"if","locations":[{"start":{"line":341,"column":4},"end":{"line":343,"column":null}},{"start":{},"end":{}}],"line":341},"18":{"loc":{"start":{"line":346,"column":4},"end":{"line":348,"column":null}},"type":"if","locations":[{"start":{"line":346,"column":4},"end":{"line":348,"column":null}},{"start":{},"end":{}}],"line":346}},"s":{"0":1,"1":1,"2":31,"3":6,"4":2,"5":8,"6":13,"7":13,"8":13,"9":13,"10":13,"11":13,"12":13,"13":13,"14":13,"15":13,"16":13,"17":17,"18":17,"19":17,"20":17,"21":17,"22":17,"23":3,"24":3,"25":3,"26":3,"27":12,"28":12,"29":12,"30":9,"31":12,"32":3,"33":9,"34":3,"35":13,"36":13,"37":13,"38":13,"39":104,"40":832,"41":385,"42":193,"43":192,"44":13,"45":13,"46":11,"47":2,"48":2,"49":1,"50":13,"51":13,"52":13,"53":13,"54":104,"55":832,"56":385,"57":385,"58":193,"59":192,"60":13,"61":13,"62":13,"63":13,"64":0,"65":13,"66":13,"67":279,"68":13,"69":13,"70":279,"71":13,"72":13,"73":13,"74":1,"75":12,"76":0,"77":12,"78":13,"79":12,"80":0,"81":1,"82":17,"83":15,"84":2,"85":2,"86":2,"87":1,"88":1,"89":1,"90":2,"91":2,"92":0,"93":2,"94":0,"95":2,"96":0,"97":2,"98":2,"99":1},"f":{"0":31,"1":6,"2":2,"3":8,"4":13,"5":17,"6":3,"7":3,"8":12,"9":13,"10":13,"11":13,"12":13,"13":279,"14":279,"15":13,"16":13,"17":17,"18":2,"19":1},"b":{"0":[9,3],"1":[3,9],"2":[385,447],"3":[193,192],"4":[11,2],"5":[1,1],"6":[385,447],"7":[385,26],"8":[193,192],"9":[0,13],"10":[1,12],"11":[0,12],"12":[12,0,1],"13":[15,2],"14":[1,1],"15":[1,0],"16":[0,2],"17":[0,2],"18":[0,2]},"meta":{"lastBranch":19,"lastFunction":20,"lastStatement":100,"seen":{"s:45:57:64:Infinity":0,"s:69:45:76:Infinity":1,"f:89:2:89:14":0,"s:90:4:96:Infinity":2,"f:103:9:103:19":1,"s:104:4:104:Infinity":3,"f:111:9:111:18":2,"s:112:4:112:Infinity":4,"f:118:9:118:33":3,"s:119:4:119:Infinity":5,"f:127:9:127:29":4,"s:128:16:128:Infinity":6,"s:129:19:129:Infinity":7,"s:130:28:130:Infinity":8,"s:131:34:131:Infinity":9,"s:132:22:132:Infinity":10,"s:135:28:135:Infinity":11,"s:136:33:136:Infinity":12,"s:137:26:137:Infinity":13,"s:138:27:138:Infinity":14,"s:141:18:146:Infinity":15,"s:148:4:156:Infinity":16,"f:165:9:165:Infinity":5,"s:170:30:170:Infinity":17,"s:173:16:174:Infinity":18,"s:177:22:177:Infinity":19,"s:178:4:178:Infinity":20,"s:181:4:181:Infinity":21,"s:183:4:183:Infinity":22,"f:192:15:192:Infinity":6,"s:196:4:216:Infinity":23,"f:196:23:196:24":7,"s:197:24:197:Infinity":24,"s:198:29:198:Infinity":25,"s:200:29:213:Infinity":26,"f:200:29:200:35":8,"s:201:24:201:Infinity":27,"s:202:25:202:Infinity":28,"b:204:8:206:Infinity:undefined:undefined:undefined:undefined":0,"s:204:8:206:Infinity":29,"s:205:10:205:Infinity":30,"b:208:8:212:Infinity:210:15:212:Infinity":1,"s:208:8:212:Infinity":31,"s:209:10:209:Infinity":32,"s:211:10:211:Infinity":33,"s:215:6:215:Infinity":34,"f:222:10:222:22":9,"s:223:18:223:Infinity":35,"s:224:16:224:Infinity":36,"s:225:16:225:Infinity":37,"s:227:4:234:Infinity":38,"s:228:6:233:Infinity":39,"b:229:8:232:Infinity:undefined:undefined:undefined:undefined":2,"s:229:8:232:Infinity":40,"b:230:10:231:Infinity:231:15:231:Infinity":3,"s:230:10:231:Infinity":41,"s:230:35:230:Infinity":42,"s:231:15:231:Infinity":43,"s:236:4:236:Infinity":44,"f:243:10:243:35":10,"b:245:4:245:Infinity:undefined:undefined:undefined:undefined":4,"s:245:4:245:Infinity":45,"s:245:28:245:Infinity":46,"b:246:4:246:Infinity:undefined:undefined:undefined:undefined":5,"s:246:4:246:Infinity":47,"s:246:27:246:Infinity":48,"s:249:4:249:Infinity":49,"f:255:10:255:35":11,"s:256:18:256:Infinity":50,"s:257:24:257:Infinity":51,"s:258:24:258:Infinity":52,"s:260:4:268:Infinity":53,"s:261:6:267:Infinity":54,"b:262:8:266:Infinity:undefined:undefined:undefined:undefined":6,"s:262:8:266:Infinity":55,"s:263:24:263:Infinity":56,"b:263:24:263:52:263:52:263:Infinity":7,"b:264:10:265:Infinity:265:15:265:Infinity":8,"s:264:10:265:Infinity":57,"s:264:35:264:Infinity":58,"s:265:15:265:Infinity":59,"s:270:17:270:Infinity":60,"s:272:4:272:Infinity":61,"f:278:10:278:41":12,"s:279:16:279:Infinity":62,"b:282:4:284:Infinity:undefined:undefined:undefined:undefined":9,"s:282:4:284:Infinity":63,"s:283:6:283:Infinity":64,"s:287:18:287:Infinity":65,"s:288:26:288:Infinity":66,"f:288:39:288:44":13,"s:288:44:288:63":67,"s:289:4:289:Infinity":68,"s:292:21:292:Infinity":69,"f:292:34:292:39":14,"s:292:39:292:49":70,"s:293:4:293:Infinity":71,"s:295:4:295:Infinity":72,"f:301:10:301:29":15,"b:302:4:302:Infinity:undefined:undefined:undefined:undefined":10,"s:302:4:302:Infinity":73,"s:302:28:302:Infinity":74,"b:303:4:303:Infinity:undefined:undefined:undefined:undefined":11,"s:303:4:303:Infinity":75,"s:303:28:303:Infinity":76,"s:304:4:304:Infinity":77,"f:310:10:310:28":16,"b:312:6:312:Infinity:313:6:313:Infinity:314:6:314:Infinity":12,"s:311:4:315:Infinity":78,"s:312:22:312:Infinity":79,"s:313:25:313:Infinity":80,"s:314:22:314:Infinity":81,"f:321:10:321:Infinity":17,"b:325:4:325:Infinity:undefined:undefined:undefined:undefined":13,"s:325:4:325:Infinity":82,"s:325:22:325:Infinity":83,"s:327:17:327:Infinity":84,"s:330:27:330:Infinity":85,"b:331:4:335:Infinity:333:4:335:Infinity":14,"s:331:4:335:Infinity":86,"s:332:6:332:Infinity":87,"b:333:4:335:Infinity:undefined:undefined:undefined:undefined":15,"s:333:4:335:Infinity":88,"s:334:6:334:Infinity":89,"s:338:22:338:Infinity":90,"b:339:4:343:Infinity:341:4:343:Infinity":16,"s:339:4:343:Infinity":91,"s:340:6:340:Infinity":92,"b:341:4:343:Infinity:undefined:undefined:undefined:undefined":17,"s:341:4:343:Infinity":93,"s:342:6:342:Infinity":94,"b:346:4:348:Infinity:undefined:undefined:undefined:undefined":18,"s:346:4:348:Infinity":95,"s:347:6:347:Infinity":96,"s:350:4:350:Infinity":97,"f:357:16:357:34":18,"s:358:2:358:Infinity":98,"f:364:16:364:42":19,"s:365:2:365:Infinity":99}}}
}
